<?xml version="1.0" encoding="UTF-8"?>
<!-- Generated by org.testng.reporters.JUnitReportReporter -->
<testsuite skipped="0" hostname="LAPTOP-G8R015TH" name="com.ixigo.Testcases.EndToEnd" tests="1" failures="0" timestamp="08 Aug 2020 15:33:04 GMT" time="43.660" errors="0">
  <testcase name="EndToEndTest" time="43.660" classname="com.ixigo.Testcases.EndToEnd"/>
</testsuite> <!-- com.ixigo.Testcases.EndToEnd -->
