<?xml version="1.0" encoding="UTF-8"?>
<!-- Generated by org.testng.reporters.JUnitReportReporter -->
<testsuite skipped="0" hostname="LAPTOP-G8R015TH" name="com.ixigo.Testcases.EndToEnd" tests="1" failures="0" timestamp="10 Aug 2020 16:31:58 GMT" time="39.854" errors="0">
  <testcase name="EndToEndTest" time="39.854" classname="com.ixigo.Testcases.EndToEnd"/>
</testsuite> <!-- com.ixigo.Testcases.EndToEnd -->
